<?xml version="1.0" encoding="UTF-8"?>
<testsuite xmlns:xsi="http://www.w3.org/2001/XMLSchema-instance" xsi:noNamespaceSchemaLocation="https://maven.apache.org/surefire/maven-surefire-plugin/xsd/surefire-test-report.xsd" name="edu.eci.cvds.tdd.aerodescuentos.TarifasTest" time="0.057" tests="6" errors="0" skipped="0" failures="0">
  <properties>
[...]
</properties>
  <testcase name="mayorde65Inferior20Dias" classname="edu.eci.cvds.tdd.aerodescuentos.TarifasTest" time="0.003"/>
  <testcase name="mayorDe65Superior20Dias" classname="edu.eci.cvds.tdd.aerodescuentos.TarifasTest" time="0"/>
  <testcase name="menorDeEdadSuperior20Dias" classname="edu.eci.cvds.tdd.aerodescuentos.TarifasTest" time="0"/>
  <testcase name="sinDescuento" classname="edu.eci.cvds.tdd.aerodescuentos.TarifasTest" time="0"/>
  <testcase name="mayorDeEdadSuperior20Dias" classname="edu.eci.cvds.tdd.aerodescuentos.TarifasTest" time="0"/>
  <testcase name="menorDeEdadInferior20Dias" classname="edu.eci.cvds.tdd.aerodescuentos.TarifasTest" time="0.001"/>
</testsuite>